Round 1
Player 1 guessing Attribute facialHair white
Player 2 answering true
Player 2 guessing Attribute hairLength blue
Player 1 answering false
Round 2
Player 1 guessing Attribute eyeColor brown
Player 2 answering false
Player 2 guessing Attribute facialHair blue
Player 1 answering true
Round 3
Player 1 guessing Attribute hairLength white
Player 2 answering false
Player 2 guessing Attribute pimples white
Player 1 answering false
Round 4
Player 1 guessing Person  P5
Player 2 answering true
Player 2 guessing Attribute hairColor red
Player 1 answering true
Player 1 won!
